#
# A fatal error has been detected by the Java Runtime Environment:
#
#  EXCEPTION_ACCESS_VIOLATION (0xc0000005) at pc=0x00000000646a248b, pid=1976, tid=5808
#
# JRE version: Java(TM) SE Runtime Environment (7.0_51-b13) (build 1.7.0_51-b13)
# Java VM: Java HotSpot(TM) 64-Bit Server VM (24.51-b03 mixed mode windows-amd64 compressed oops)
# Problematic frame:
# V  [jvm.dll+0x14248b]
#
# Failed to write core dump. Minidumps are not enabled by default on client versions of Windows
#
# If you would like to submit a bug report, please visit:
#   http://bugreport.sun.com/bugreport/crash.jsp
#

---------------  T H R E A D  ---------------

Current thread (0x000000000c188800):  JavaThread "JDWP Transport Listener: dt_socket" daemon [_thread_in_vm, id=5808, stack(0x000000000e0a0000,0x000000000e1a0000)]

siginfo: ExceptionCode=0xc0000005, reading address 0xffffffffffffffff

Registers:
RAX=0x000000000e19f401, RBX=0x000000000c188800, RCX=0x000feecd04000004, RDX=0x0000000000000000
RSP=0x000000000e19f490, RBP=0x000feecd04000004, RSI=0x000000000e19f5a8, RDI=0x00000000001ba270
R8 =0x000000000c188800, R9 =0x000019ae002e0076, R10=0x0000000000000000, R11=0x000000000c21b07f
R12=0x0000000000000000, R13=0x00000000022ee548, R14=0x0000000000000000, R15=0x0000000000000000
RIP=0x00000000646a248b, EFLAGS=0x0000000000010202

Top of Stack: (sp=0x000000000e19f490)
0x000000000e19f490:   000000000c188800 000000000000001b
0x000000000e19f4a0:   000000000e19f558 0000000064841239
0x000000000e19f4b0:   000000000c188800 000000006485ede2
0x000000000e19f4c0:   0000000000000000 0000000071888e89
0x000000000e19f4d0:   000000000afbe650 000000007189265a
0x000000000e19f4e0:   000000000c188800 0000000000000000
0x000000000e19f4f0:   0000000000000000 0000000000000000
0x000000000e19f500:   000feecd04000004 0000000071891751
0x000000000e19f510:   000000000e19f5a8 000000000e19f580
0x000000000e19f520:   0000000000000001 000000000afbe650
0x000000000e19f530:   000feecd04000004 00000000718753b3
0x000000000e19f540:   000000000e19f670 0000000000000001
0x000000000e19f550:   0000000000000001 000000000afbe650
0x000000000e19f560:   0000000000000009 0000000000000000
0x000000000e19f570:   0000000000000000 0000000000000000
0x000000000e19f580:   0000000000000001 0000000071875571 

Instructions: (pc=0x00000000646a248b)
0x00000000646a246b:   48 8b 5c 24 30 48 89 47 18 48 83 c4 20 5f c3 cc
0x00000000646a247b:   cc cc cc cc cc 40 53 48 83 ec 20 48 85 c9 74 54
0x00000000646a248b:   48 8b 19 48 85 db 74 4c 48 b8 fe fe fe fe fe fe
0x00000000646a249b:   fe fe 48 3b d8 74 3d 80 3d 8f 87 60 00 00 74 15 


Register to memory mapping:

RAX=0x000000000e19f401 is pointing into the stack for thread: 0x000000000c188800
RBX=0x000000000c188800 is a thread
RCX=0x000feecd04000004 is an unknown value
RDX=0x0000000000000000 is an unknown value
RSP=0x000000000e19f490 is pointing into the stack for thread: 0x000000000c188800
RBP=0x000feecd04000004 is an unknown value
RSI=0x000000000e19f5a8 is pointing into the stack for thread: 0x000000000c188800
RDI=0x00000000001ba270 is an unknown value
R8 =0x000000000c188800 is a thread
R9 =0x000019ae002e0076 is an unknown value
R10=0x0000000000000000 is an unknown value
R11=0x000000000c21b07f is an unknown value
R12=0x0000000000000000 is an unknown value
R13=0x00000000022ee548 is an unknown value
R14=0x0000000000000000 is an unknown value
R15=0x0000000000000000 is an unknown value


Stack: [0x000000000e0a0000,0x000000000e1a0000],  sp=0x000000000e19f490,  free space=1021k
Native frames: (J=compiled Java code, j=interpreted, Vv=VM code, C=native code)
V  [jvm.dll+0x14248b]


---------------  P R O C E S S  ---------------

Java Threads: ( => current thread )
  0x000000000c1b1000 JavaThread "Service Thread" daemon [_thread_blocked, id=8780, stack(0x000000000e540000,0x000000000e640000)]
  0x000000000c1b0000 JavaThread "C2 CompilerThread1" daemon [_thread_blocked, id=18652, stack(0x000000000e930000,0x000000000ea30000)]
  0x000000000c1a6800 JavaThread "C2 CompilerThread0" daemon [_thread_blocked, id=5584, stack(0x000000000e820000,0x000000000e920000)]
  0x000000000c19e800 JavaThread "JDWP Command Reader" daemon [_thread_in_native, id=11580, stack(0x000000000e640000,0x000000000e740000)]
  0x000000000c18f000 JavaThread "JDWP Event Helper Thread" daemon [_thread_blocked, id=796, stack(0x000000000e380000,0x000000000e480000)]
=>0x000000000c188800 JavaThread "JDWP Transport Listener: dt_socket" daemon [_thread_in_vm, id=5808, stack(0x000000000e0a0000,0x000000000e1a0000)]
  0x000000000afd5000 JavaThread "Attach Listener" daemon [_thread_blocked, id=15408, stack(0x000000000d6a0000,0x000000000d7a0000)]
  0x000000000afd4000 JavaThread "Signal Dispatcher" daemon [_thread_blocked, id=11608, stack(0x000000000d4e0000,0x000000000d5e0000)]
  0x000000000afc6800 JavaThread "Finalizer" daemon [_thread_blocked, id=13304, stack(0x000000000d0c0000,0x000000000d1c0000)]
  0x000000000afbe800 JavaThread "Reference Handler" daemon [_thread_blocked, id=8296, stack(0x000000000d340000,0x000000000d440000)]
  0x00000000022c8000 JavaThread "main" [_thread_in_native, id=14500, stack(0x00000000024e0000,0x00000000025e0000)]

Other Threads:
  0x000000000afbc000 VMThread [stack: 0x000000000d1e0000,0x000000000d2e0000] [id=5228]
  0x000000000c1bb800 WatcherThread [stack: 0x000000000eb30000,0x000000000ec30000] [id=19364]

VM state:not at safepoint (normal execution)

VM Mutex/Monitor currently owned by a thread: None

Heap
 PSYoungGen      total 38400K, used 1331K [0x00000007d5880000, 0x00000007d8300000, 0x0000000800000000)
  eden space 33280K, 4% used [0x00000007d5880000,0x00000007d59ccd48,0x00000007d7900000)
  from space 5120K, 0% used [0x00000007d7e00000,0x00000007d7e00000,0x00000007d8300000)
  to   space 5120K, 0% used [0x00000007d7900000,0x00000007d7900000,0x00000007d7e00000)
 ParOldGen       total 86528K, used 0K [0x0000000780a00000, 0x0000000785e80000, 0x00000007d5880000)
  object space 86528K, 0% used [0x0000000780a00000,0x0000000780a00000,0x0000000785e80000)
 PSPermGen       total 21504K, used 3240K [0x000000077b800000, 0x000000077cd00000, 0x0000000780a00000)
  object space 21504K, 15% used [0x000000077b800000,0x000000077bb2a398,0x000000077cd00000)

Card table byte_map: [0x00000000055e0000,0x0000000005a10000] byte_map_base: 0x0000000001a04000

Polling page: 0x0000000000150000

Code Cache  [0x00000000025e0000, 0x0000000002850000, 0x00000000055e0000)
 total_blobs=184 nmethods=1 adapters=144 free_code_cache=48766Kb largest_free_block=49922752

Compilation events (2 events):
Event: 0.193 Thread 0x000000000c1a6800    1             java.lang.String::hashCode (55 bytes)
Event: 0.198 Thread 0x000000000c1a6800 nmethod 1 0x000000000263fdd0 code [0x000000000263ff00, 0x0000000002640098]

GC Heap History (0 events):
No events

Deoptimization events (0 events):
No events

Internal exceptions (6 events):
Event: 0.030 Thread 0x00000000022c8000 Threw 0x00000007d588ba68 at C:\re\jdk7u51\527\hotspot\src\share\vm\prims\jni.cpp:3991
Event: 0.123 Thread 0x00000000022c8000 Threw 0x00000007d58cf358 at C:\re\jdk7u51\527\hotspot\src\share\vm\prims\jvm.cpp:1244
Event: 0.191 Thread 0x00000000022c8000 Threw 0x00000007d5907a38 at C:\re\jdk7u51\527\hotspot\src\share\vm\prims\jvm.cpp:1244
Event: 0.191 Thread 0x00000000022c8000 Threw 0x00000007d5907b60 at C:\re\jdk7u51\527\hotspot\src\share\vm\prims\jvm.cpp:1244
Event: 0.192 Thread 0x00000000022c8000 Threw 0x00000007d590b7d8 at C:\re\jdk7u51\527\hotspot\src\share\vm\prims\jvm.cpp:1244
Event: 0.192 Thread 0x00000000022c8000 Threw 0x00000007d590b900 at C:\re\jdk7u51\527\hotspot\src\share\vm\prims\jvm.cpp:1244

Events (10 events):
Event: 314.658 Executing VM operation: ChangeBreakpoints
Event: 314.658 Executing VM operation: ChangeBreakpoints done
Event: 314.660 Executing VM operation: ChangeBreakpoints
Event: 314.660 Executing VM operation: ChangeBreakpoints done
Event: 314.668 Executing VM operation: ChangeBreakpoints
Event: 314.668 Executing VM operation: ChangeBreakpoints done
Event: 562.889 Executing VM operation: ChangeBreakpoints
Event: 562.889 Executing VM operation: ChangeBreakpoints done
Event: 562.953 Executing VM operation: RedefineClasses
Event: 562.953 Executing VM operation: RedefineClasses done


Dynamic libraries:
0x000000013f040000 - 0x000000013f073000 	C:\Program Files\Java\jdk1.7.0_51\bin\javaw.exe
0x0000000077520000 - 0x00000000776c9000 	C:\Windows\SYSTEM32\ntdll.dll
0x0000000077300000 - 0x000000007741f000 	C:\Windows\system32\kernel32.dll
0x000007fefd380000 - 0x000007fefd3eb000 	C:\Windows\system32\KERNELBASE.dll
0x000007fefd700000 - 0x000007fefd7db000 	C:\Windows\system32\ADVAPI32.dll
0x000007fefeb30000 - 0x000007fefebcf000 	C:\Windows\system32\msvcrt.dll
0x000007feff810000 - 0x000007feff82f000 	C:\Windows\SYSTEM32\sechost.dll
0x000007feff660000 - 0x000007feff78d000 	C:\Windows\system32\RPCRT4.dll
0x0000000077420000 - 0x000000007751a000 	C:\Windows\system32\USER32.dll
0x000007feff790000 - 0x000007feff7f7000 	C:\Windows\system32\GDI32.dll
0x000007fefeb20000 - 0x000007fefeb2e000 	C:\Windows\system32\LPK.dll
0x000007feff590000 - 0x000007feff659000 	C:\Windows\system32\USP10.dll
0x000007fefb790000 - 0x000007fefb984000 	C:\Windows\WinSxS\amd64_microsoft.windows.common-controls_6595b64144ccf1df_6.0.7601.17514_none_fa396087175ac9ac\COMCTL32.dll
0x000007feff260000 - 0x000007feff2d1000 	C:\Windows\system32\SHLWAPI.dll
0x000007fefeaf0000 - 0x000007fefeb1e000 	C:\Windows\system32\IMM32.DLL
0x000007fefe610000 - 0x000007fefe719000 	C:\Windows\system32\MSCTF.dll
0x00000000750d0000 - 0x0000000075108000 	C:\PROGRA~2\Sophos\SOPHOS~1\SOPHOS~2.DLL
0x00000000776e0000 - 0x00000000776e7000 	C:\Windows\system32\PSAPI.DLL
0x000000006b510000 - 0x000000006b5e2000 	C:\Program Files\Java\jdk1.7.0_51\jre\bin\msvcr100.dll
0x0000000064560000 - 0x0000000064d29000 	C:\Program Files\Java\jdk1.7.0_51\jre\bin\server\jvm.dll
0x000007fefaae0000 - 0x000007fefaae9000 	C:\Windows\system32\WSOCK32.dll
0x000007fefed50000 - 0x000007fefed9d000 	C:\Windows\system32\WS2_32.dll
0x000007feff800000 - 0x000007feff808000 	C:\Windows\system32\NSI.dll
0x000007fefaf30000 - 0x000007fefaf6b000 	C:\Windows\system32\WINMM.dll
0x0000000074f30000 - 0x0000000074f3f000 	C:\Program Files\Java\jdk1.7.0_51\jre\bin\verify.dll
0x0000000074f00000 - 0x0000000074f28000 	C:\Program Files\Java\jdk1.7.0_51\jre\bin\java.dll
0x0000000071870000 - 0x00000000718a5000 	C:\Program Files\Java\jdk1.7.0_51\jre\bin\jdwp.dll
0x0000000072f10000 - 0x0000000072f18000 	C:\Program Files\Java\jdk1.7.0_51\jre\bin\npt.dll
0x0000000074ee0000 - 0x0000000074ef5000 	C:\Program Files\Java\jdk1.7.0_51\jre\bin\zip.dll
0x0000000075000000 - 0x0000000075009000 	C:\Program Files\Java\jdk1.7.0_51\jre\bin\dt_socket.dll
0x000007fefb490000 - 0x000007fefb4a5000 	C:\Windows\system32\NLAapi.dll
0x000007fef40b0000 - 0x000007fef40c5000 	C:\Windows\system32\napinsp.dll
0x000007fef40d0000 - 0x000007fef40e9000 	C:\Windows\system32\pnrpnsp.dll
0x000007fefcb00000 - 0x000007fefcb55000 	C:\Windows\System32\mswsock.dll
0x000007fefc980000 - 0x000007fefc9db000 	C:\Windows\system32\DNSAPI.dll
0x000007fef40a0000 - 0x000007fef40ab000 	C:\Windows\System32\winrnr.dll
0x0000000016080000 - 0x00000000160ae000 	C:\Program Files\Agilent\IO Libraries Suite\LxiMdnsNsp.dll
0x000007fefbf10000 - 0x000007fefbf37000 	C:\Windows\system32\Iphlpapi.DLL
0x000007fefc1e0000 - 0x000007fefc1eb000 	C:\Windows\system32\WINNSI.DLL
0x000007fef9250000 - 0x000007fef92a3000 	C:\Windows\System32\fwpuclnt.dll
0x000007fef4b40000 - 0x000007fef4b48000 	C:\Windows\system32\rasadhlp.dll
0x0000000075090000 - 0x00000000750b3000 	C:\ProgramData\Sophos\Web Intelligence\swi_ifslsp_64.dll
0x000007fefc580000 - 0x000007fefc58c000 	C:\Windows\system32\VERSION.dll
0x000007fefc1d0000 - 0x000007fefc1d7000 	C:\Windows\System32\wshtcpip.dll
0x000007feec0f0000 - 0x000007feec215000 	C:\Windows\system32\dbghelp.dll

VM Arguments:
jvm_args: -agentlib:jdwp=transport=dt_socket,suspend=y,address=localhost:61902 -Dfile.encoding=Cp1252 
java_command: Start
Launcher Type: SUN_STANDARD

Environment Variables:
CLASSPATH=.;C:\Program Files (x86)\QuickTime\QTSystem\QTJava.zip
PATH=C:\Program Files\Java\jdk1.7.0_51\jre\bin;C:/Program Files/Java/jdk1.7.0_51/bin/../jre/bin/server;C:/Program Files/Java/jdk1.7.0_51/bin/../jre/bin;C:/Program Files/Java/jdk1.7.0_51/bin/../jre/lib/amd64;C:\Python27;C:\Python27\Scripts;C:\EDK\bin\nt;C:\Program Files\Java\jdk1.7.0_51\bin;C:\Windows\system32;C:\Windows;C:\Windows\System32\Wbem;C:\Windows\System32\WindowsPowerShell\v1.0\;C:\Windows\System32\Windows System Resource Manager\bin;C:\Cadence\SPB_16.3\tools\bin;C:\Cadence\SPB_16.3\tools\libutil\bin;C:\Cadence\SPB_16.3\tools\fet\bin;C:\Cadence\SPB_16.3\tools\pcb\bin;C:\Cadence\SPB_16.3\tools\specctra\bin;C:\Cadence\SPB_16.3\tools\PSpice;C:\Cadence\SPB_16.3\tools\PSpice\Library;C:\Cadence\SPB_16.3\tools\Capture;C:\Cadence\SPB_16.3\OpenAccess\bin\win32\opt;C:\Xilinx92i\bin\nt;C:\Program Files (x86)\Agilent\IO Libraries Suite\bin;C:\Program Files\Agilent\IO Libraries Suite\bin;C:\Program Files (x86)\IVI Foundation\VISA\WinNT\agvisa;C:\Program Files\IVI Foundation\VISA\Win64\agvisa;C:\Program Files (x86)\IVI Foundation\IVI\bin;C:\Program Files\IVI Foundation\IVI\bin;C:\Program Files (x86)\IVI Foundation\VISA\WinNT\Bin\;C:\Program Files\IVI Foundation\VISA\Win64\Bin\;C:\Android\sdk\platform-tools;C:\Android\sdk\tools;C:\Program Files\MATLAB;C:\Program Files (x86)\QuickTime\QTSystem\;C:\Program Files\MATLAB\R2013b\runtime\win64;C:\Program Files\MATLAB\R2013b\bin;C:\Android\eclipse;
USERNAME=amuthala
OS=Windows_NT
PROCESSOR_IDENTIFIER=Intel64 Family 6 Model 58 Stepping 9, GenuineIntel



---------------  S Y S T E M  ---------------

OS: Windows 7 , 64 bit Build 7601 Service Pack 1

CPU:total 8 (4 cores per cpu, 2 threads per core) family 6 model 58 stepping 9, cmov, cx8, fxsr, mmx, sse, sse2, sse3, ssse3, sse4.1, sse4.2, popcnt, avx, aes, erms, ht, tsc, tscinvbit, tscinv

Memory: 4k page, physical 8341956k(3608148k free), swap 16682048k(8589188k free)

vm_info: Java HotSpot(TM) 64-Bit Server VM (24.51-b03) for windows-amd64 JRE (1.7.0_51-b13), built on Dec 18 2013 18:40:56 by "java_re" with unknown MS VC++:1600

time: Sat Apr 26 21:07:53 2014
elapsed time: 563 seconds

